<?xml version="1.0" encoding="UTF-8"?>
<coverage generated="1545347722272" clover="3.2.0">
  <project timestamp="1545347722272" name="All files">
    <metrics statements="18" coveredstatements="18" conditionals="4" coveredconditionals="2" methods="8" coveredmethods="8" elements="30" coveredelements="28" complexity="0" loc="18" ncloc="18" packages="1" files="2" classes="2">
      <file name="EmbedGenerator.ts" path="/mnt/d/git/CARPS-Skill-Bot/src/Domain/EmbedGenerator.ts">
        <metrics statements="12" coveredstatements="12" conditionals="4" coveredconditionals="2" methods="5" coveredmethods="5"/>
        <line num="7" count="1" type="stmt"/>
        <line num="14" count="1" type="stmt"/>
        <line num="23" count="1" type="stmt"/>
        <line num="25" count="1" type="stmt"/>
        <line num="49" count="1" type="stmt"/>
        <line num="50" count="1" type="stmt"/>
        <line num="51" count="1" type="stmt"/>
        <line num="60" count="1" type="stmt"/>
        <line num="61" count="1" type="stmt"/>
        <line num="63" count="1" type="stmt"/>
        <line num="67" count="1" type="stmt"/>
        <line num="71" count="1" type="stmt"/>
      </file>
      <file name="SkillRepository.ts" path="/mnt/d/git/CARPS-Skill-Bot/src/Domain/SkillRepository.ts">
        <metrics statements="6" coveredstatements="6" conditionals="0" coveredconditionals="0" methods="3" coveredmethods="3"/>
        <line num="4" count="1" type="stmt"/>
        <line num="6" count="1" type="stmt"/>
        <line num="10" count="1" type="stmt"/>
        <line num="18" count="1" type="stmt"/>
        <line num="19" count="94" type="stmt"/>
        <line num="21" count="1" type="stmt"/>
      </file>
    </metrics>
  </project>
</coverage>
