{"/mnt/d/git/CARPS-Skill-Bot/src/Domain/EmbedGenerator.ts": {"path":"/mnt/d/git/CARPS-Skill-Bot/src/Domain/EmbedGenerator.ts","statementMap":{"0":{"start":{"line":49,"column":9},"end":{"line":53,"column":2}},"1":{"start":{"line":50,"column":2},"end":{"line":52,"column":5}},"2":{"start":{"line":51,"column":3},"end":{"line":51,"column":53}},"3":{"start":{"line":14,"column":2},"end":{"line":14,"column":23}},"4":{"start":{"line":23,"column":22},"end":{"line":23,"column":53}},"5":{"start":{"line":25,"column":2},"end":{"line":42,"column":4}},"6":{"start":{"line":60,"column":23},"end":{"line":60,"column":55}},"7":{"start":{"line":61,"column":2},"end":{"line":61,"column":49}},"8":{"start":{"line":63,"column":27},"end":{"line":65,"column":21}},"9":{"start":{"line":67,"column":28},"end":{"line":69,"column":11}},"10":{"start":{"line":71,"column":2},"end":{"line":76,"column":15}},"11":{"start":{"line":7,"column":0},"end":{"line":78,"column":1}}},"fnMap":{"0":{"name":"(anonymous_0)","decl":{"start":{"line":13,"column":1},"end":{"line":13,"column":12}},"loc":{"start":{"line":13,"column":27},"end":{"line":15,"column":2}}},"1":{"name":"(anonymous_1)","decl":{"start":{"line":49,"column":32},"end":{"line":49,"column":33}},"loc":{"start":{"line":49,"column":60},"end":{"line":53,"column":2}}},"2":{"name":"(anonymous_2)","decl":{"start":{"line":50,"column":32},"end":{"line":50,"column":33}},"loc":{"start":{"line":50,"column":67},"end":{"line":52,"column":3}}},"3":{"name":"(anonymous_3)","decl":{"start":{"line":22,"column":8},"end":{"line":22,"column":20}},"loc":{"start":{"line":22,"column":52},"end":{"line":43,"column":2}}},"4":{"name":"(anonymous_4)","decl":{"start":{"line":59,"column":9},"end":{"line":59,"column":27}},"loc":{"start":{"line":59,"column":42},"end":{"line":77,"column":2}}}},"branchMap":{"0":{"loc":{"start":{"line":64,"column":5},"end":{"line":64,"column":22}},"type":"cond-expr","locations":[{"start":{"line":64,"column":5},"end":{"line":64,"column":22}},{"start":{"line":65,"column":5},"end":{"line":65,"column":21}}]},"1":{"loc":{"start":{"line":68,"column":5},"end":{"line":68,"column":17}},"type":"cond-expr","locations":[{"start":{"line":68,"column":5},"end":{"line":68,"column":17}},{"start":{"line":69,"column":5},"end":{"line":69,"column":11}}]}},"s":{"0":1,"1":1,"2":1,"3":1,"4":1,"5":1,"6":1,"7":1,"8":1,"9":1,"10":1,"11":1},"f":{"0":1,"1":1,"2":1,"3":1,"4":1},"b":{"0":[1,0],"1":[1,0]}}
,"/mnt/d/git/CARPS-Skill-Bot/src/Domain/SkillRepository.ts": {"path":"/mnt/d/git/CARPS-Skill-Bot/src/Domain/SkillRepository.ts","statementMap":{"0":{"start":{"line":4,"column":0},"end":{"line":4,"column":34}},"1":{"start":{"line":10,"column":2},"end":{"line":10,"column":38}},"2":{"start":{"line":18,"column":34},"end":{"line":20,"column":4}},"3":{"start":{"line":19,"column":3},"end":{"line":19,"column":69}},"4":{"start":{"line":21,"column":2},"end":{"line":21,"column":26}},"5":{"start":{"line":6,"column":0},"end":{"line":23,"column":1}}},"fnMap":{"0":{"name":"(anonymous_1)","decl":{"start":{"line":9,"column":1},"end":{"line":null,"column":-1}},"loc":{"start":{"line":9,"column":1},"end":{"line":11,"column":2}}},"1":{"name":"(anonymous_2)","decl":{"start":{"line":17,"column":8},"end":{"line":17,"column":21}},"loc":{"start":{"line":17,"column":40},"end":{"line":22,"column":2}}},"2":{"name":"(anonymous_3)","decl":{"start":{"line":18,"column":56},"end":{"line":18,"column":57}},"loc":{"start":{"line":18,"column":74},"end":{"line":20,"column":3}}}},"branchMap":{},"s":{"0":1,"1":1,"2":1,"3":94,"4":1,"5":1},"f":{"0":1,"1":1,"2":94},"b":{}}
}
