TN:
SF:/mnt/d/git/CARPS-Skill-Bot/src/Domain/EmbedGenerator.ts
FN:13,(anonymous_0)
FN:49,(anonymous_1)
FN:50,(anonymous_2)
FN:22,(anonymous_3)
FN:59,(anonymous_4)
FNF:5
FNH:5
FNDA:1,(anonymous_0)
FNDA:1,(anonymous_1)
FNDA:1,(anonymous_2)
FNDA:1,(anonymous_3)
FNDA:1,(anonymous_4)
DA:7,1
DA:14,1
DA:23,1
DA:25,1
DA:49,1
DA:50,1
DA:51,1
DA:60,1
DA:61,1
DA:63,1
DA:67,1
DA:71,1
LF:12
LH:12
BRDA:64,0,0,1
BRDA:64,0,1,0
BRDA:68,1,0,1
BRDA:68,1,1,0
BRF:4
BRH:2
end_of_record
TN:
SF:/mnt/d/git/CARPS-Skill-Bot/src/Domain/SkillRepository.ts
FN:9,(anonymous_1)
FN:17,(anonymous_2)
FN:18,(anonymous_3)
FNF:3
FNH:3
FNDA:1,(anonymous_1)
FNDA:1,(anonymous_2)
FNDA:94,(anonymous_3)
DA:4,1
DA:6,1
DA:10,1
DA:18,1
DA:19,94
DA:21,1
LF:6
LH:6
BRF:0
BRH:0
end_of_record
